[INFO] 23:20:46:448 TP0_CLIENTE/(10888:10888): Soy un log!
[INFO] 23:22:40:019 TP0_CLIENTE/(10955:10955): Soy un log!
[INFO] 23:22:40:043 TP0_CLIENTE/(10955:10955): Valor leído: Clave - valor

[INFO] 23:27:12:340 TP0_CLIENTE/(11123:11123): Soy un log!
[INFO] 23:27:12:386 TP0_CLIENTE/(11123:11123): Valor leído: Clave - valor

[INFO] 23:34:34:118 TP0_CLIENTE/(11227:11227): Soy un log!
[INFO] 23:35:10:240 TP0_CLIENTE/(11270:11270): Soy un log!
[INFO] 23:35:10:242 TP0_CLIENTE/(11270:11270): Valor leído: Clave - valor

[INFO] 23:35:17:842 TP0_CLIENTE/(11270:11270): hola
[INFO] 23:35:21:275 TP0_CLIENTE/(11270:11270): probando
[INFO] 23:35:26:714 TP0_CLIENTE/(11270:11270): consola
[INFO] 23:47:49:076 TP0_CLIENTE/(11500:11500): Soy un log!
[INFO] 23:47:49:107 TP0_CLIENTE/(11500:11500): Valor leído: Clave - valor

[INFO] 23:47:59:336 TP0_CLIENTE/(11500:11500): hola!
[INFO] 23:48:03:098 TP0_CLIENTE/(11500:11500): listo
[INFO] 23:48:06:257 TP0_CLIENTE/(11500:11500): para enviar
[INFO] 15:24:56:598 TP0_CLIENTE/(5795:5795): Soy un log!
[INFO] 15:24:56:600 TP0_CLIENTE/(5795:5795): Valor leído: Clave - valor

[INFO] 15:25:50:644 TP0_CLIENTE/(5938:5938): Soy un log!
[INFO] 15:25:50:644 TP0_CLIENTE/(5938:5938): Valor leído: Clave - valor

[INFO] 15:25:53:459 TP0_CLIENTE/(5938:5938): hola
[INFO] 15:25:55:789 TP0_CLIENTE/(5938:5938): loguando
[INFO] 15:25:57:496 TP0_CLIENTE/(5938:5938): info
[INFO] 17:53:34:031 TP0_CLIENTE/(4258:4258): Soy un log!
[INFO] 17:53:34:036 TP0_CLIENTE/(4258:4258): Valor leído: Clave - valor

